<?xml version="1.0" encoding="UTF-8"?>
<!-- Generated by org.testng.reporters.JUnitReportReporter -->
<testsuite hostname="Sunil-PC" name="com.qa.test.LoginPageTest" tests="3" failures="0" timestamp="28 Apr 2018 04:09:25 GMT" time="51.675" errors="0">
  <testcase name="crmLogotest" time="8.618" classname="com.qa.test.LoginPageTest"/>
  <testcase name="loginTest" time="33.917" classname="com.qa.test.LoginPageTest"/>
  <testcase name="loginPageTitletest" time="9.140" classname="com.qa.test.LoginPageTest"/>
</testsuite> <!-- com.qa.test.LoginPageTest -->
